<?xml version="1.0" encoding="UTF-8"?>
<testsuite xmlns:xsi="http://www.w3.org/2001/XMLSchema-instance" xsi:noNamespaceSchemaLocation="https://maven.apache.org/surefire/maven-surefire-plugin/xsd/surefire-test-report-3.0.xsd" version="3.0" name="br.com.erudio.integrationtests.swagger.SwaggerIntegrationTest" time="20.881" tests="1" errors="0" skipped="0" failures="0">
  <properties>
[...]
</properties>
  <testcase name="shouldDisplaySwaggerUiPage" classname="br.com.erudio.integrationtests.swagger.SwaggerIntegrationTest" time="0.596">
    <system-out><![CDATA[20:14:17.636 [main] INFO org.springframework.test.context.support.AnnotationConfigContextLoaderUtils -- Could not detect default configuration classes for test class [br.com.erudio.integrationtests.testcontainers.AbstractIntegrationTest]: AbstractIntegrationTest does not declare any static, non-private, non-final, nested classes annotated with @Configuration.
20:14:17.690 [main] INFO org.springframework.boot.test.context.SpringBootTestContextBootstrapper -- Found @SpringBootConfiguration br.com.erudio.Startup for test class br.com.erudio.integrationtests.swagger.SwaggerIntegrationTest
20:14:17.769 [main] INFO org.springframework.boot.devtools.restart.RestartApplicationListener -- Restart disabled due to context in which it is running

  .   ____          _            __ _ _
 /\\ / ___'_ __ _ _(_)_ __  __ _ \ \ \ \
( ( )\___ | '_ | '_| | '_ \/ _` | \ \ \ \
 \\/  ___)| |_)| | | | | || (_| |  ) ) ) )
  '  |____| .__|_| |_|_| |_\__, | / / / /
 =========|_|==============|___/=/_/_/_/
 :: Spring Boot ::                (v3.2.0)

2024-06-08T20:14:17.960-03:00  INFO 28443 --- [ers-lifecycle-0] o.t.d.DockerClientProviderStrategy       : Loaded org.testcontainers.dockerclient.UnixSocketClientProviderStrategy from ~/.testcontainers.properties, will try it first
2024-06-08T20:14:18.214-03:00  INFO 28443 --- [ers-lifecycle-0] o.t.d.DockerClientProviderStrategy       : Found Docker environment with local Unix socket (unix:///var/run/docker.sock)
2024-06-08T20:14:18.215-03:00  INFO 28443 --- [ers-lifecycle-0] org.testcontainers.DockerClientFactory   : Docker host IP address is localhost
2024-06-08T20:14:18.234-03:00  INFO 28443 --- [ers-lifecycle-0] org.testcontainers.DockerClientFactory   : Connected to docker: 
  Server Version: 26.1.4
  API Version: 1.45
  Operating System: Ubuntu 22.04.4 LTS
  Total Memory: 15341 MB
2024-06-08T20:14:18.236-03:00  INFO 28443 --- [ers-lifecycle-0] o.t.utility.ImageNameSubstitutor         : Image name substitution will be performed by: DefaultImageNameSubstitutor (composite of 'ConfigurationFileImageNameSubstitutor' and 'PrefixingImageNameSubstitutor')
2024-06-08T20:14:18.745-03:00  INFO 28443 --- [ers-lifecycle-0] org.testcontainers.DockerClientFactory   : Ryuk started - will monitor and terminate Testcontainers containers on JVM exit
2024-06-08T20:14:18.746-03:00  INFO 28443 --- [ers-lifecycle-0] org.testcontainers.DockerClientFactory   : Checking the system...
2024-06-08T20:14:18.746-03:00  INFO 28443 --- [ers-lifecycle-0] org.testcontainers.DockerClientFactory   : ✔︎ Docker server version should be at least 1.6.0
2024-06-08T20:14:18.810-03:00  INFO 28443 --- [ers-lifecycle-0] org.testcontainers.DockerClientFactory   : ✔︎ Docker environment should have more than 2GB free disk space
2024-06-08T20:14:18.823-03:00  INFO 28443 --- [ers-lifecycle-0] 🐳 [mysql:8.0.29]                        : Creating container for image: mysql:8.0.29
2024-06-08T20:14:18.953-03:00  INFO 28443 --- [ers-lifecycle-0] 🐳 [mysql:8.0.29]                        : Container mysql:8.0.29 is starting: 17628bc2fb0bf0372161f90b3216aec7b73512a1a6888afecec27233423a5d3d
2024-06-08T20:14:19.215-03:00  INFO 28443 --- [ers-lifecycle-0] 🐳 [mysql:8.0.29]                        : Waiting for database connection to become available at jdbc:mysql://localhost:32773/test using query 'SELECT 1'
2024-06-08T20:14:33.553-03:00  INFO 28443 --- [ers-lifecycle-0] 🐳 [mysql:8.0.29]                        : Container is started (JDBC URL: jdbc:mysql://localhost:32773/test)
2024-06-08T20:14:33.553-03:00  INFO 28443 --- [ers-lifecycle-0] 🐳 [mysql:8.0.29]                        : Container mysql:8.0.29 started in PT14.740732312S
2024-06-08T20:14:33.555-03:00  INFO 28443 --- [           main] b.c.e.i.swagger.SwaggerIntegrationTest   : Starting SwaggerIntegrationTest using Java 21.0.3 with PID 28443 (started by guilherme in /home/guilherme/DockerFromZeroToMastery-SpingBoot-3.2.0-AndJava21/01-BeforeDockerization/app)
2024-06-08T20:14:33.556-03:00  INFO 28443 --- [           main] b.c.e.i.swagger.SwaggerIntegrationTest   : No active profile set, falling back to 1 default profile: "default"
2024-06-08T20:14:34.035-03:00  INFO 28443 --- [           main] .s.d.r.c.RepositoryConfigurationDelegate : Bootstrapping Spring Data JPA repositories in DEFAULT mode.
2024-06-08T20:14:34.071-03:00  INFO 28443 --- [           main] .s.d.r.c.RepositoryConfigurationDelegate : Finished Spring Data repository scanning in 31 ms. Found 3 JPA repository interfaces.
2024-06-08T20:14:34.401-03:00  INFO 28443 --- [           main] o.s.b.w.embedded.tomcat.TomcatWebServer  : Tomcat initialized with port 8888 (http)
2024-06-08T20:14:34.407-03:00  INFO 28443 --- [           main] o.apache.catalina.core.StandardService   : Starting service [Tomcat]
2024-06-08T20:14:34.407-03:00  INFO 28443 --- [           main] o.apache.catalina.core.StandardEngine    : Starting Servlet engine: [Apache Tomcat/10.1.16]
2024-06-08T20:14:34.437-03:00  INFO 28443 --- [           main] o.a.c.c.C.[Tomcat].[localhost].[/]       : Initializing Spring embedded WebApplicationContext
2024-06-08T20:14:34.438-03:00  INFO 28443 --- [           main] w.s.c.ServletWebServerApplicationContext : Root WebApplicationContext: initialization completed in 787 ms
2024-06-08T20:14:34.517-03:00  INFO 28443 --- [           main] com.zaxxer.hikari.HikariDataSource       : HikariPool-1 - Starting...
2024-06-08T20:14:34.644-03:00  INFO 28443 --- [           main] com.zaxxer.hikari.pool.HikariPool        : HikariPool-1 - Added connection com.mysql.cj.jdbc.ConnectionImpl@3c38e2bf
2024-06-08T20:14:34.645-03:00  INFO 28443 --- [           main] com.zaxxer.hikari.HikariDataSource       : HikariPool-1 - Start completed.
2024-06-08T20:14:34.693-03:00  INFO 28443 --- [           main] o.f.c.internal.license.VersionPrinter    : Flyway Community Edition 9.22.3 by Redgate
2024-06-08T20:14:34.693-03:00  INFO 28443 --- [           main] o.f.c.internal.license.VersionPrinter    : See release notes here: https://rd.gt/416ObMi
2024-06-08T20:14:34.693-03:00  INFO 28443 --- [           main] o.f.c.internal.license.VersionPrinter    : 
2024-06-08T20:14:34.707-03:00  INFO 28443 --- [           main] org.flywaydb.core.FlywayExecutor         : Database: jdbc:mysql://localhost:32773/test (MySQL 8.0)
2024-06-08T20:14:34.742-03:00  INFO 28443 --- [           main] o.f.c.i.s.JdbcTableSchemaHistory         : Schema history table `test`.`flyway_schema_history` does not exist yet
2024-06-08T20:14:34.744-03:00  INFO 28443 --- [           main] o.f.core.internal.command.DbValidate     : Successfully validated 12 migrations (execution time 00:00.014s)
2024-06-08T20:14:34.757-03:00  INFO 28443 --- [           main] o.f.c.i.s.JdbcTableSchemaHistory         : Creating Schema History table `test`.`flyway_schema_history` ...
2024-06-08T20:14:34.890-03:00  INFO 28443 --- [           main] o.f.core.internal.command.DbMigrate      : Current version of schema `test`: << Empty Schema >>
2024-06-08T20:14:34.893-03:00  INFO 28443 --- [           main] o.f.core.internal.command.DbMigrate      : Migrating schema `test` to version "1 - Create Table Person"
2024-06-08T20:14:34.956-03:00  WARN 28443 --- [           main] o.f.c.i.s.DefaultSqlScriptExecutor       : DB: Integer display width is deprecated and will be removed in a future release. (SQL State: HY000 - Error Code: 1681)
2024-06-08T20:14:34.981-03:00  INFO 28443 --- [           main] o.f.core.internal.command.DbMigrate      : Migrating schema `test` to version "2 - Populate Table Person"
2024-06-08T20:14:35.005-03:00  INFO 28443 --- [           main] o.f.core.internal.command.DbMigrate      : Migrating schema `test` to version "3 - Create Table Books"
2024-06-08T20:14:35.064-03:00  WARN 28443 --- [           main] o.f.c.i.s.DefaultSqlScriptExecutor       : DB: Integer display width is deprecated and will be removed in a future release. (SQL State: HY000 - Error Code: 1681)
2024-06-08T20:14:35.086-03:00  INFO 28443 --- [           main] o.f.core.internal.command.DbMigrate      : Migrating schema `test` to version "4 - Insert Data In Books"
2024-06-08T20:14:35.108-03:00  INFO 28443 --- [           main] o.f.core.internal.command.DbMigrate      : Migrating schema `test` to version "5 - Create Table Permission"
2024-06-08T20:14:35.172-03:00  WARN 28443 --- [           main] o.f.c.i.s.DefaultSqlScriptExecutor       : DB: Integer display width is deprecated and will be removed in a future release. (SQL State: HY000 - Error Code: 1681)
2024-06-08T20:14:35.192-03:00  INFO 28443 --- [           main] o.f.core.internal.command.DbMigrate      : Migrating schema `test` to version "6 - Insert Data In Permission"
2024-06-08T20:14:35.214-03:00  INFO 28443 --- [           main] o.f.core.internal.command.DbMigrate      : Migrating schema `test` to version "7 - Create Table Users"
2024-06-08T20:14:35.293-03:00  WARN 28443 --- [           main] o.f.c.i.s.DefaultSqlScriptExecutor       : DB: Integer display width is deprecated and will be removed in a future release. (SQL State: HY000 - Error Code: 1681)
2024-06-08T20:14:35.312-03:00  INFO 28443 --- [           main] o.f.core.internal.command.DbMigrate      : Migrating schema `test` to version "8 - Insert Data In Users"
2024-06-08T20:14:35.336-03:00  INFO 28443 --- [           main] o.f.core.internal.command.DbMigrate      : Migrating schema `test` to version "9 - Create Table User Permission"
2024-06-08T20:14:35.412-03:00  WARN 28443 --- [           main] o.f.c.i.s.DefaultSqlScriptExecutor       : DB: Integer display width is deprecated and will be removed in a future release. (SQL State: HY000 - Error Code: 1681)
2024-06-08T20:14:35.412-03:00  WARN 28443 --- [           main] o.f.c.i.s.DefaultSqlScriptExecutor       : DB: Integer display width is deprecated and will be removed in a future release. (SQL State: HY000 - Error Code: 1681)
2024-06-08T20:14:35.433-03:00  INFO 28443 --- [           main] o.f.core.internal.command.DbMigrate      : Migrating schema `test` to version "10 - Insert Data In User Permission"
2024-06-08T20:14:35.456-03:00  INFO 28443 --- [           main] o.f.core.internal.command.DbMigrate      : Migrating schema `test` to version "11 - Alter Table Person"
2024-06-08T20:14:35.539-03:00  INFO 28443 --- [           main] o.f.core.internal.command.DbMigrate      : Migrating schema `test` to version "12 - Populate Person With Many"
2024-06-08T20:14:35.609-03:00  INFO 28443 --- [           main] o.f.core.internal.command.DbMigrate      : Successfully applied 12 migrations to schema `test`, now at version v12 (execution time 00:00.448s)
2024-06-08T20:14:35.655-03:00  INFO 28443 --- [           main] o.hibernate.jpa.internal.util.LogHelper  : HHH000204: Processing PersistenceUnitInfo [name: default]
2024-06-08T20:14:35.683-03:00  INFO 28443 --- [           main] org.hibernate.Version                    : HHH000412: Hibernate ORM core version 6.3.1.Final
2024-06-08T20:14:35.701-03:00  INFO 28443 --- [           main] o.h.c.internal.RegionFactoryInitiator    : HHH000026: Second-level cache disabled
2024-06-08T20:14:35.760-03:00  INFO 28443 --- [           main] o.s.o.j.p.SpringPersistenceUnitInfo      : No LoadTimeWeaver setup: ignoring JPA class transformer
2024-06-08T20:14:36.208-03:00  INFO 28443 --- [           main] o.h.e.t.j.p.i.JtaPlatformInitiator       : HHH000489: No JTA platform available (set 'hibernate.transaction.jta.platform' to enable JTA platform integration)
2024-06-08T20:14:36.209-03:00  INFO 28443 --- [           main] j.LocalContainerEntityManagerFactoryBean : Initialized JPA EntityManagerFactory for persistence unit 'default'
2024-06-08T20:14:36.346-03:00  INFO 28443 --- [           main] o.s.d.j.r.query.QueryEnhancerFactory     : Hibernate is in classpath; If applicable, HQL parser will be used.
2024-06-08T20:14:37.662-03:00  INFO 28443 --- [           main] o.s.s.web.DefaultSecurityFilterChain     : Will secure any request with [org.springframework.security.web.session.DisableEncodeUrlFilter@49da976, org.springframework.security.web.context.request.async.WebAsyncManagerIntegrationFilter@40364273, org.springframework.security.web.context.SecurityContextHolderFilter@684aac7, org.springframework.security.web.header.HeaderWriterFilter@1492d58d, org.springframework.web.filter.CorsFilter@63e17053, org.springframework.security.web.authentication.logout.LogoutFilter@6b57b1c7, br.com.erudio.security.jwt.JwtTokenFilter@56569e4f, org.springframework.security.web.savedrequest.RequestCacheAwareFilter@2e8828b5, org.springframework.security.web.servletapi.SecurityContextHolderAwareRequestFilter@564519de, org.springframework.security.web.authentication.AnonymousAuthenticationFilter@3fe94bea, org.springframework.security.web.session.SessionManagementFilter@4aee166d, org.springframework.security.web.access.ExceptionTranslationFilter@3c809ee7, org.springframework.security.web.access.intercept.AuthorizationFilter@1ccb0482]
2024-06-08T20:14:37.885-03:00  INFO 28443 --- [           main] o.s.b.w.embedded.tomcat.TomcatWebServer  : Tomcat started on port 8888 (http) with context path ''
2024-06-08T20:14:37.891-03:00  INFO 28443 --- [           main] b.c.e.i.swagger.SwaggerIntegrationTest   : Started SwaggerIntegrationTest in 20.13 seconds (process running for 21.961)
2024-06-08T20:14:38.415-03:00  INFO 28443 --- [nio-8888-exec-1] o.a.c.c.C.[Tomcat].[localhost].[/]       : Initializing Spring DispatcherServlet 'dispatcherServlet'
2024-06-08T20:14:38.415-03:00  INFO 28443 --- [nio-8888-exec-1] o.s.web.servlet.DispatcherServlet        : Initializing Servlet 'dispatcherServlet'
2024-06-08T20:14:38.416-03:00  INFO 28443 --- [nio-8888-exec-1] o.s.web.servlet.DispatcherServlet        : Completed initialization in 1 ms
2024-06-08T20:14:38.422-03:00  WARN 28443 --- [nio-8888-exec-1] o.s.w.s.h.HandlerMappingIntrospector     : Cache miss for REQUEST dispatch to '/swagger-ui/index.html' (previous null). Performing CorsConfiguration lookup. This is logged once only at WARN level, and every time at TRACE.
2024-06-08T20:14:38.428-03:00  WARN 28443 --- [nio-8888-exec-1] o.s.w.s.h.HandlerMappingIntrospector     : Cache miss for REQUEST dispatch to '/swagger-ui/index.html' (previous null). Performing MatchableHandlerMapping lookup. This is logged once only at WARN level, and every time at TRACE.
]]></system-out>
  </testcase>
</testsuite>